<?xml version="1.0" encoding="UTF-8" ?>
<testsuite failures="0" time="5.16" errors="0" skipped="0" tests="12" name="ohtu.ohtuvarasto.VarastoTest">
  <properties>
    <property name="java.runtime.name" value="Java(TM) SE Runtime Environment"/>
    <property name="sun.boot.library.path" value="/home/piakumpu/jdk1.7.0_11/jre/lib/i386"/>
    <property name="java.vm.version" value="23.6-b04"/>
    <property name="java.vm.vendor" value="Oracle Corporation"/>
    <property name="java.vendor.url" value="http://java.oracle.com/"/>
    <property name="path.separator" value=":"/>
    <property name="guice.disable.misplaced.annotation.check" value="true"/>
    <property name="java.vm.name" value="Java HotSpot(TM) Client VM"/>
    <property name="file.encoding.pkg" value="sun.io"/>
    <property name="user.country" value="FI"/>
    <property name="sun.java.launcher" value="SUN_STANDARD"/>
    <property name="sun.os.patch.level" value="unknown"/>
    <property name="java.vm.specification.name" value="Java Virtual Machine Specification"/>
    <property name="user.dir" value="/home/piakumpu/Dropbox/Public/Yliopisto/HY12-13/ohtu/ohtu-viikko1-2013/ohtuv2/OhtuVarasto"/>
    <property name="java.runtime.version" value="1.7.0_11-b21"/>
    <property name="java.awt.graphicsenv" value="sun.awt.X11GraphicsEnvironment"/>
    <property name="java.endorsed.dirs" value="/home/piakumpu/jdk1.7.0_11/jre/lib/endorsed"/>
    <property name="os.arch" value="i386"/>
    <property name="java.io.tmpdir" value="/tmp"/>
    <property name="line.separator" value="
"/>
    <property name="java.vm.specification.vendor" value="Oracle Corporation"/>
    <property name="os.name" value="Linux"/>
    <property name="classworlds.conf" value="/home/piakumpu/netbeans-7.2/java/maven/bin/m2.conf"/>
    <property name="sun.jnu.encoding" value="UTF-8"/>
    <property name="java.library.path" value="/home/piakumpu/jdk1.7.0_11/jre/lib/amd64:/home/piakumpu/jdk1.7.0_11/jre/lib/i386::/usr/java/packages/lib/i386:/lib:/usr/lib"/>
    <property name="java.specification.name" value="Java Platform API Specification"/>
    <property name="java.class.version" value="51.0"/>
    <property name="sun.management.compiler" value="HotSpot Client Compiler"/>
    <property name="os.version" value="2.6.32-45-generic"/>
    <property name="user.home" value="/home/piakumpu"/>
    <property name="user.timezone" value="Europe/Helsinki"/>
    <property name="java.awt.printerjob" value="sun.print.PSPrinterJob"/>
    <property name="file.encoding" value="UTF-8"/>
    <property name="java.specification.version" value="1.7"/>
    <property name="user.name" value="piakumpu"/>
    <property name="java.class.path" value="/home/piakumpu/netbeans-7.2/java/maven/boot/plexus-classworlds-2.4.jar"/>
    <property name="java.vm.specification.version" value="1.7"/>
    <property name="sun.arch.data.model" value="32"/>
    <property name="java.home" value="/home/piakumpu/jdk1.7.0_11/jre"/>
    <property name="sun.java.command" value="org.codehaus.plexus.classworlds.launcher.Launcher clean install"/>
    <property name="java.specification.vendor" value="Oracle Corporation"/>
    <property name="user.language" value="fi"/>
    <property name="awt.toolkit" value="sun.awt.X11.XToolkit"/>
    <property name="java.vm.info" value="mixed mode"/>
    <property name="java.version" value="1.7.0_11"/>
    <property name="java.ext.dirs" value="/home/piakumpu/jdk1.7.0_11/jre/lib/ext:/usr/java/packages/lib/ext"/>
    <property name="securerandom.source" value="file:/dev/./urandom"/>
    <property name="sun.boot.class.path" value="/home/piakumpu/jdk1.7.0_11/jre/lib/resources.jar:/home/piakumpu/jdk1.7.0_11/jre/lib/rt.jar:/home/piakumpu/jdk1.7.0_11/jre/lib/sunrsasign.jar:/home/piakumpu/jdk1.7.0_11/jre/lib/jsse.jar:/home/piakumpu/jdk1.7.0_11/jre/lib/jce.jar:/home/piakumpu/jdk1.7.0_11/jre/lib/charsets.jar:/home/piakumpu/jdk1.7.0_11/jre/lib/jfr.jar:/home/piakumpu/jdk1.7.0_11/jre/classes"/>
    <property name="java.vendor" value="Oracle Corporation"/>
    <property name="maven.home" value="/home/piakumpu/netbeans-7.2/java/maven"/>
    <property name="file.separator" value="/"/>
    <property name="java.vendor.url.bug" value="http://bugreport.sun.com/bugreport/"/>
    <property name="sun.cpu.endian" value="little"/>
    <property name="sun.io.unicode.encoding" value="UnicodeLittle"/>
    <property name="sun.desktop" value="gnome"/>
    <property name="sun.cpu.isalist" value=""/>
  </properties>
  <testcase time="0.009" classname="ohtu.ohtuvarasto.VarastoTest" name="konstruktoriLuoTyhjanVaraston"/>
  <testcase time="0" classname="ohtu.ohtuvarasto.VarastoTest" name="konstruktoriEiNegVaraston"/>
  <testcase time="0" classname="ohtu.ohtuvarasto.VarastoTest" name="uudellaVarastollaOikeaTilavuus"/>
  <testcase time="0" classname="ohtu.ohtuvarasto.VarastoTest" name="lisaysLisaaSaldoa"/>
  <testcase time="0" classname="ohtu.ohtuvarasto.VarastoTest" name="otetaanLiikaa"/>
  <testcase time="0" classname="ohtu.ohtuvarasto.VarastoTest" name="laitetaanLiikaa"/>
  <testcase time="0" classname="ohtu.ohtuvarasto.VarastoTest" name="laitetaanNeg"/>
  <testcase time="0.001" classname="ohtu.ohtuvarasto.VarastoTest" name="otetaanNeg"/>
  <testcase time="0" classname="ohtu.ohtuvarasto.VarastoTest" name="lisaysLisaaPienentaaVapaataTilaa"/>
  <testcase time="0" classname="ohtu.ohtuvarasto.VarastoTest" name="ottaminenPalauttaaOikeanMaaran"/>
  <testcase time="0" classname="ohtu.ohtuvarasto.VarastoTest" name="ottaminenLis\u00E4\u00E4Tilaa"/>
  <testcase time="0" classname="ohtu.ohtuvarasto.VarastoTest" name="konstr"/>
</testsuite>